The system is: Linux - 4.10.13-200.fc25.x86_64 - x86_64
Compiling the CXX compiler identification source file "CMakeCXXCompilerId.cpp" succeeded.
Compiler: /usr/bin/g++ 
Build flags: 
Id flags:  

The output was:
0


Compilation of the CXX compiler identification source "CMakeCXXCompilerId.cpp" produced "a.out"

The CXX compiler identification is GNU, found in "/home/bladekp/organizacje/softmis/projekty/droniada2017/IoT/pixhawk/Firmware/Firmware/Firmware/CMakeFiles/3.8.1/CompilerIdCXX/a.out"

Compiling the C compiler identification source file "CMakeCCompilerId.c" succeeded.
Compiler: /usr/bin/gcc 
Build flags: 
Id flags:  

The output was:
0


Compilation of the C compiler identification source "CMakeCCompilerId.c" produced "a.out"

The C compiler identification is GNU, found in "/home/bladekp/organizacje/softmis/projekty/droniada2017/IoT/pixhawk/Firmware/Firmware/Firmware/CMakeFiles/3.8.1/CompilerIdC/a.out"

Determining if the CXX compiler works passed with the following output:
Change Dir: /home/bladekp/organizacje/softmis/projekty/droniada2017/IoT/pixhawk/Firmware/Firmware/Firmware/CMakeFiles/CMakeTmp

Run Build Command:"/usr/bin/gmake" "cmTC_c2206/fast"
/usr/bin/gmake -f CMakeFiles/cmTC_c2206.dir/build.make CMakeFiles/cmTC_c2206.dir/build
gmake[1]: Wejście do katalogu '/home/bladekp/organizacje/softmis/projekty/droniada2017/IoT/pixhawk/Firmware/Firmware/Firmware/CMakeFiles/CMakeTmp'
Building CXX object CMakeFiles/cmTC_c2206.dir/testCXXCompiler.cxx.o
/usr/bin/g++     -o CMakeFiles/cmTC_c2206.dir/testCXXCompiler.cxx.o -c /home/bladekp/organizacje/softmis/projekty/droniada2017/IoT/pixhawk/Firmware/Firmware/Firmware/CMakeFiles/CMakeTmp/testCXXCompiler.cxx
Linking CXX executable cmTC_c2206
/usr/share/cmake-3.8.1-Linux-x86_64/bin/cmake -E cmake_link_script CMakeFiles/cmTC_c2206.dir/link.txt --verbose=1
/usr/bin/g++       -rdynamic CMakeFiles/cmTC_c2206.dir/testCXXCompiler.cxx.o  -o cmTC_c2206 
gmake[1]: Opuszczenie katalogu '/home/bladekp/organizacje/softmis/projekty/droniada2017/IoT/pixhawk/Firmware/Firmware/Firmware/CMakeFiles/CMakeTmp'


Detecting CXX compiler ABI info compiled with the following output:
Change Dir: /home/bladekp/organizacje/softmis/projekty/droniada2017/IoT/pixhawk/Firmware/Firmware/Firmware/CMakeFiles/CMakeTmp

Run Build Command:"/usr/bin/gmake" "cmTC_e93e1/fast"
/usr/bin/gmake -f CMakeFiles/cmTC_e93e1.dir/build.make CMakeFiles/cmTC_e93e1.dir/build
gmake[1]: Wejście do katalogu '/home/bladekp/organizacje/softmis/projekty/droniada2017/IoT/pixhawk/Firmware/Firmware/Firmware/CMakeFiles/CMakeTmp'
Building CXX object CMakeFiles/cmTC_e93e1.dir/CMakeCXXCompilerABI.cpp.o
/usr/bin/g++     -o CMakeFiles/cmTC_e93e1.dir/CMakeCXXCompilerABI.cpp.o -c /usr/share/cmake-3.8.1-Linux-x86_64/share/cmake-3.8/Modules/CMakeCXXCompilerABI.cpp
Linking CXX executable cmTC_e93e1
/usr/share/cmake-3.8.1-Linux-x86_64/bin/cmake -E cmake_link_script CMakeFiles/cmTC_e93e1.dir/link.txt --verbose=1
/usr/bin/g++      -v -rdynamic CMakeFiles/cmTC_e93e1.dir/CMakeCXXCompilerABI.cpp.o  -o cmTC_e93e1 
Using built-in specs.
COLLECT_GCC=/usr/bin/g++
COLLECT_LTO_WRAPPER=/usr/libexec/gcc/x86_64-redhat-linux/6.3.1/lto-wrapper
Target: x86_64-redhat-linux
Configured with: ../configure --enable-bootstrap --enable-languages=c,c++,objc,obj-c++,fortran,ada,go,lto --prefix=/usr --mandir=/usr/share/man --infodir=/usr/share/info --with-bugurl=http://bugzilla.redhat.com/bugzilla --enable-shared --enable-threads=posix --enable-checking=release --enable-multilib --with-system-zlib --enable-__cxa_atexit --disable-libunwind-exceptions --enable-gnu-unique-object --enable-linker-build-id --with-linker-hash-style=gnu --enable-plugin --enable-initfini-array --disable-libgcj --with-isl --enable-libmpx --enable-gnu-indirect-function --with-tune=generic --with-arch_32=i686 --build=x86_64-redhat-linux
Thread model: posix
gcc version 6.3.1 20161221 (Red Hat 6.3.1-1) (GCC) 
COMPILER_PATH=/usr/libexec/gcc/x86_64-redhat-linux/6.3.1/:/usr/libexec/gcc/x86_64-redhat-linux/6.3.1/:/usr/libexec/gcc/x86_64-redhat-linux/:/usr/lib/gcc/x86_64-redhat-linux/6.3.1/:/usr/lib/gcc/x86_64-redhat-linux/
LIBRARY_PATH=/usr/lib/gcc/x86_64-redhat-linux/6.3.1/:/usr/lib/gcc/x86_64-redhat-linux/6.3.1/../../../../lib64/:/lib/../lib64/:/usr/lib/../lib64/:/usr/lib/gcc/x86_64-redhat-linux/6.3.1/../../../:/lib/:/usr/lib/
COLLECT_GCC_OPTIONS='-v' '-rdynamic' '-o' 'cmTC_e93e1' '-shared-libgcc' '-mtune=generic' '-march=x86-64'
 /usr/libexec/gcc/x86_64-redhat-linux/6.3.1/collect2 -plugin /usr/libexec/gcc/x86_64-redhat-linux/6.3.1/liblto_plugin.so -plugin-opt=/usr/libexec/gcc/x86_64-redhat-linux/6.3.1/lto-wrapper -plugin-opt=-fresolution=/tmp/cc5xD2pO.res -plugin-opt=-pass-through=-lgcc_s -plugin-opt=-pass-through=-lgcc -plugin-opt=-pass-through=-lc -plugin-opt=-pass-through=-lgcc_s -plugin-opt=-pass-through=-lgcc --build-id --no-add-needed --eh-frame-hdr --hash-style=gnu -m elf_x86_64 -export-dynamic -dynamic-linker /lib64/ld-linux-x86-64.so.2 -o cmTC_e93e1 /usr/lib/gcc/x86_64-redhat-linux/6.3.1/../../../../lib64/crt1.o /usr/lib/gcc/x86_64-redhat-linux/6.3.1/../../../../lib64/crti.o /usr/lib/gcc/x86_64-redhat-linux/6.3.1/crtbegin.o -L/usr/lib/gcc/x86_64-redhat-linux/6.3.1 -L/usr/lib/gcc/x86_64-redhat-linux/6.3.1/../../../../lib64 -L/lib/../lib64 -L/usr/lib/../lib64 -L/usr/lib/gcc/x86_64-redhat-linux/6.3.1/../../.. CMakeFiles/cmTC_e93e1.dir/CMakeCXXCompilerABI.cpp.o -lstdc++ -lm -lgcc_s -lgcc -lc -lgcc_s -lgcc /usr/lib/gcc/x86_64-redhat-linux/6.3.1/crtend.o /usr/lib/gcc/x86_64-redhat-linux/6.3.1/../../../../lib64/crtn.o
COLLECT_GCC_OPTIONS='-v' '-rdynamic' '-o' 'cmTC_e93e1' '-shared-libgcc' '-mtune=generic' '-march=x86-64'
gmake[1]: Opuszczenie katalogu '/home/bladekp/organizacje/softmis/projekty/droniada2017/IoT/pixhawk/Firmware/Firmware/Firmware/CMakeFiles/CMakeTmp'


Parsed CXX implicit link information from above output:
  link line regex: [^( *|.*[/\])(ld|([^/\]+-)?ld|collect2)[^/\]*( |$)]
  ignore line: [Change Dir: /home/bladekp/organizacje/softmis/projekty/droniada2017/IoT/pixhawk/Firmware/Firmware/Firmware/CMakeFiles/CMakeTmp]
  ignore line: []
  ignore line: [Run Build Command:"/usr/bin/gmake" "cmTC_e93e1/fast"]
  ignore line: [/usr/bin/gmake -f CMakeFiles/cmTC_e93e1.dir/build.make CMakeFiles/cmTC_e93e1.dir/build]
  ignore line: [gmake[1]: Wejście do katalogu '/home/bladekp/organizacje/softmis/projekty/droniada2017/IoT/pixhawk/Firmware/Firmware/Firmware/CMakeFiles/CMakeTmp']
  ignore line: [Building CXX object CMakeFiles/cmTC_e93e1.dir/CMakeCXXCompilerABI.cpp.o]
  ignore line: [/usr/bin/g++     -o CMakeFiles/cmTC_e93e1.dir/CMakeCXXCompilerABI.cpp.o -c /usr/share/cmake-3.8.1-Linux-x86_64/share/cmake-3.8/Modules/CMakeCXXCompilerABI.cpp]
  ignore line: [Linking CXX executable cmTC_e93e1]
  ignore line: [/usr/share/cmake-3.8.1-Linux-x86_64/bin/cmake -E cmake_link_script CMakeFiles/cmTC_e93e1.dir/link.txt --verbose=1]
  ignore line: [/usr/bin/g++      -v -rdynamic CMakeFiles/cmTC_e93e1.dir/CMakeCXXCompilerABI.cpp.o  -o cmTC_e93e1 ]
  ignore line: [Using built-in specs.]
  ignore line: [COLLECT_GCC=/usr/bin/g++]
  ignore line: [COLLECT_LTO_WRAPPER=/usr/libexec/gcc/x86_64-redhat-linux/6.3.1/lto-wrapper]
  ignore line: [Target: x86_64-redhat-linux]
  ignore line: [Configured with: ../configure --enable-bootstrap --enable-languages=c,c++,objc,obj-c++,fortran,ada,go,lto --prefix=/usr --mandir=/usr/share/man --infodir=/usr/share/info --with-bugurl=http://bugzilla.redhat.com/bugzilla --enable-shared --enable-threads=posix --enable-checking=release --enable-multilib --with-system-zlib --enable-__cxa_atexit --disable-libunwind-exceptions --enable-gnu-unique-object --enable-linker-build-id --with-linker-hash-style=gnu --enable-plugin --enable-initfini-array --disable-libgcj --with-isl --enable-libmpx --enable-gnu-indirect-function --with-tune=generic --with-arch_32=i686 --build=x86_64-redhat-linux]
  ignore line: [Thread model: posix]
  ignore line: [gcc version 6.3.1 20161221 (Red Hat 6.3.1-1) (GCC) ]
  ignore line: [COMPILER_PATH=/usr/libexec/gcc/x86_64-redhat-linux/6.3.1/:/usr/libexec/gcc/x86_64-redhat-linux/6.3.1/:/usr/libexec/gcc/x86_64-redhat-linux/:/usr/lib/gcc/x86_64-redhat-linux/6.3.1/:/usr/lib/gcc/x86_64-redhat-linux/]
  ignore line: [LIBRARY_PATH=/usr/lib/gcc/x86_64-redhat-linux/6.3.1/:/usr/lib/gcc/x86_64-redhat-linux/6.3.1/../../../../lib64/:/lib/../lib64/:/usr/lib/../lib64/:/usr/lib/gcc/x86_64-redhat-linux/6.3.1/../../../:/lib/:/usr/lib/]
  ignore line: [COLLECT_GCC_OPTIONS='-v' '-rdynamic' '-o' 'cmTC_e93e1' '-shared-libgcc' '-mtune=generic' '-march=x86-64']
  link line: [ /usr/libexec/gcc/x86_64-redhat-linux/6.3.1/collect2 -plugin /usr/libexec/gcc/x86_64-redhat-linux/6.3.1/liblto_plugin.so -plugin-opt=/usr/libexec/gcc/x86_64-redhat-linux/6.3.1/lto-wrapper -plugin-opt=-fresolution=/tmp/cc5xD2pO.res -plugin-opt=-pass-through=-lgcc_s -plugin-opt=-pass-through=-lgcc -plugin-opt=-pass-through=-lc -plugin-opt=-pass-through=-lgcc_s -plugin-opt=-pass-through=-lgcc --build-id --no-add-needed --eh-frame-hdr --hash-style=gnu -m elf_x86_64 -export-dynamic -dynamic-linker /lib64/ld-linux-x86-64.so.2 -o cmTC_e93e1 /usr/lib/gcc/x86_64-redhat-linux/6.3.1/../../../../lib64/crt1.o /usr/lib/gcc/x86_64-redhat-linux/6.3.1/../../../../lib64/crti.o /usr/lib/gcc/x86_64-redhat-linux/6.3.1/crtbegin.o -L/usr/lib/gcc/x86_64-redhat-linux/6.3.1 -L/usr/lib/gcc/x86_64-redhat-linux/6.3.1/../../../../lib64 -L/lib/../lib64 -L/usr/lib/../lib64 -L/usr/lib/gcc/x86_64-redhat-linux/6.3.1/../../.. CMakeFiles/cmTC_e93e1.dir/CMakeCXXCompilerABI.cpp.o -lstdc++ -lm -lgcc_s -lgcc -lc -lgcc_s -lgcc /usr/lib/gcc/x86_64-redhat-linux/6.3.1/crtend.o /usr/lib/gcc/x86_64-redhat-linux/6.3.1/../../../../lib64/crtn.o]
    arg [/usr/libexec/gcc/x86_64-redhat-linux/6.3.1/collect2] ==> ignore
    arg [-plugin] ==> ignore
    arg [/usr/libexec/gcc/x86_64-redhat-linux/6.3.1/liblto_plugin.so] ==> ignore
    arg [-plugin-opt=/usr/libexec/gcc/x86_64-redhat-linux/6.3.1/lto-wrapper] ==> ignore
    arg [-plugin-opt=-fresolution=/tmp/cc5xD2pO.res] ==> ignore
    arg [-plugin-opt=-pass-through=-lgcc_s] ==> ignore
    arg [-plugin-opt=-pass-through=-lgcc] ==> ignore
    arg [-plugin-opt=-pass-through=-lc] ==> ignore
    arg [-plugin-opt=-pass-through=-lgcc_s] ==> ignore
    arg [-plugin-opt=-pass-through=-lgcc] ==> ignore
    arg [--build-id] ==> ignore
    arg [--no-add-needed] ==> ignore
    arg [--eh-frame-hdr] ==> ignore
    arg [--hash-style=gnu] ==> ignore
    arg [-m] ==> ignore
    arg [elf_x86_64] ==> ignore
    arg [-export-dynamic] ==> ignore
    arg [-dynamic-linker] ==> ignore
    arg [/lib64/ld-linux-x86-64.so.2] ==> ignore
    arg [-o] ==> ignore
    arg [cmTC_e93e1] ==> ignore
    arg [/usr/lib/gcc/x86_64-redhat-linux/6.3.1/../../../../lib64/crt1.o] ==> ignore
    arg [/usr/lib/gcc/x86_64-redhat-linux/6.3.1/../../../../lib64/crti.o] ==> ignore
    arg [/usr/lib/gcc/x86_64-redhat-linux/6.3.1/crtbegin.o] ==> ignore
    arg [-L/usr/lib/gcc/x86_64-redhat-linux/6.3.1] ==> dir [/usr/lib/gcc/x86_64-redhat-linux/6.3.1]
    arg [-L/usr/lib/gcc/x86_64-redhat-linux/6.3.1/../../../../lib64] ==> dir [/usr/lib/gcc/x86_64-redhat-linux/6.3.1/../../../../lib64]
    arg [-L/lib/../lib64] ==> dir [/lib/../lib64]
    arg [-L/usr/lib/../lib64] ==> dir [/usr/lib/../lib64]
    arg [-L/usr/lib/gcc/x86_64-redhat-linux/6.3.1/../../..] ==> dir [/usr/lib/gcc/x86_64-redhat-linux/6.3.1/../../..]
    arg [CMakeFiles/cmTC_e93e1.dir/CMakeCXXCompilerABI.cpp.o] ==> ignore
    arg [-lstdc++] ==> lib [stdc++]
    arg [-lm] ==> lib [m]
    arg [-lgcc_s] ==> lib [gcc_s]
    arg [-lgcc] ==> lib [gcc]
    arg [-lc] ==> lib [c]
    arg [-lgcc_s] ==> lib [gcc_s]
    arg [-lgcc] ==> lib [gcc]
    arg [/usr/lib/gcc/x86_64-redhat-linux/6.3.1/crtend.o] ==> ignore
    arg [/usr/lib/gcc/x86_64-redhat-linux/6.3.1/../../../../lib64/crtn.o] ==> ignore
  remove lib [gcc_s]
  remove lib [gcc]
  remove lib [gcc_s]
  remove lib [gcc]
  collapse library dir [/usr/lib/gcc/x86_64-redhat-linux/6.3.1] ==> [/usr/lib/gcc/x86_64-redhat-linux/6.3.1]
  collapse library dir [/usr/lib/gcc/x86_64-redhat-linux/6.3.1/../../../../lib64] ==> [/usr/lib64]
  collapse library dir [/lib/../lib64] ==> [/lib64]
  collapse library dir [/usr/lib/../lib64] ==> [/usr/lib64]
  collapse library dir [/usr/lib/gcc/x86_64-redhat-linux/6.3.1/../../..] ==> [/usr/lib]
  implicit libs: [stdc++;m;c]
  implicit dirs: [/usr/lib/gcc/x86_64-redhat-linux/6.3.1;/usr/lib64;/lib64;/usr/lib]
  implicit fwks: []




Detecting CXX [-std=c++1z] compiler features compiled with the following output:
Change Dir: /home/bladekp/organizacje/softmis/projekty/droniada2017/IoT/pixhawk/Firmware/Firmware/Firmware/CMakeFiles/CMakeTmp

Run Build Command:"/usr/bin/gmake" "cmTC_b821d/fast"
/usr/bin/gmake -f CMakeFiles/cmTC_b821d.dir/build.make CMakeFiles/cmTC_b821d.dir/build
gmake[1]: Wejście do katalogu '/home/bladekp/organizacje/softmis/projekty/droniada2017/IoT/pixhawk/Firmware/Firmware/Firmware/CMakeFiles/CMakeTmp'
Building CXX object CMakeFiles/cmTC_b821d.dir/feature_tests.cxx.o
/usr/bin/g++    -std=c++1z -o CMakeFiles/cmTC_b821d.dir/feature_tests.cxx.o -c /home/bladekp/organizacje/softmis/projekty/droniada2017/IoT/pixhawk/Firmware/Firmware/Firmware/CMakeFiles/feature_tests.cxx
Linking CXX executable cmTC_b821d
/usr/share/cmake-3.8.1-Linux-x86_64/bin/cmake -E cmake_link_script CMakeFiles/cmTC_b821d.dir/link.txt --verbose=1
/usr/bin/g++       -rdynamic CMakeFiles/cmTC_b821d.dir/feature_tests.cxx.o  -o cmTC_b821d 
gmake[1]: Opuszczenie katalogu '/home/bladekp/organizacje/softmis/projekty/droniada2017/IoT/pixhawk/Firmware/Firmware/Firmware/CMakeFiles/CMakeTmp'


    Feature record: CXX_FEATURE:1cxx_aggregate_default_initializers
    Feature record: CXX_FEATURE:1cxx_alias_templates
    Feature record: CXX_FEATURE:1cxx_alignas
    Feature record: CXX_FEATURE:1cxx_alignof
    Feature record: CXX_FEATURE:1cxx_attributes
    Feature record: CXX_FEATURE:1cxx_attribute_deprecated
    Feature record: CXX_FEATURE:1cxx_auto_type
    Feature record: CXX_FEATURE:1cxx_binary_literals
    Feature record: CXX_FEATURE:1cxx_constexpr
    Feature record: CXX_FEATURE:1cxx_contextual_conversions
    Feature record: CXX_FEATURE:1cxx_decltype
    Feature record: CXX_FEATURE:1cxx_decltype_auto
    Feature record: CXX_FEATURE:1cxx_decltype_incomplete_return_types
    Feature record: CXX_FEATURE:1cxx_default_function_template_args
    Feature record: CXX_FEATURE:1cxx_defaulted_functions
    Feature record: CXX_FEATURE:1cxx_defaulted_move_initializers
    Feature record: CXX_FEATURE:1cxx_delegating_constructors
    Feature record: CXX_FEATURE:1cxx_deleted_functions
    Feature record: CXX_FEATURE:1cxx_digit_separators
    Feature record: CXX_FEATURE:1cxx_enum_forward_declarations
    Feature record: CXX_FEATURE:1cxx_explicit_conversions
    Feature record: CXX_FEATURE:1cxx_extended_friend_declarations
    Feature record: CXX_FEATURE:1cxx_extern_templates
    Feature record: CXX_FEATURE:1cxx_final
    Feature record: CXX_FEATURE:1cxx_func_identifier
    Feature record: CXX_FEATURE:1cxx_generalized_initializers
    Feature record: CXX_FEATURE:1cxx_generic_lambdas
    Feature record: CXX_FEATURE:1cxx_inheriting_constructors
    Feature record: CXX_FEATURE:1cxx_inline_namespaces
    Feature record: CXX_FEATURE:1cxx_lambdas
    Feature record: CXX_FEATURE:1cxx_lambda_init_captures
    Feature record: CXX_FEATURE:1cxx_local_type_template_args
    Feature record: CXX_FEATURE:1cxx_long_long_type
    Feature record: CXX_FEATURE:1cxx_noexcept
    Feature record: CXX_FEATURE:1cxx_nonstatic_member_init
    Feature record: CXX_FEATURE:1cxx_nullptr
    Feature record: CXX_FEATURE:1cxx_override
    Feature record: CXX_FEATURE:1cxx_range_for
    Feature record: CXX_FEATURE:1cxx_raw_string_literals
    Feature record: CXX_FEATURE:1cxx_reference_qualified_functions
    Feature record: CXX_FEATURE:1cxx_relaxed_constexpr
    Feature record: CXX_FEATURE:1cxx_return_type_deduction
    Feature record: CXX_FEATURE:1cxx_right_angle_brackets
    Feature record: CXX_FEATURE:1cxx_rvalue_references
    Feature record: CXX_FEATURE:1cxx_sizeof_member
    Feature record: CXX_FEATURE:1cxx_static_assert
    Feature record: CXX_FEATURE:1cxx_strong_enums
    Feature record: CXX_FEATURE:1cxx_template_template_parameters
    Feature record: CXX_FEATURE:1cxx_thread_local
    Feature record: CXX_FEATURE:1cxx_trailing_return_types
    Feature record: CXX_FEATURE:1cxx_unicode_literals
    Feature record: CXX_FEATURE:1cxx_uniform_initialization
    Feature record: CXX_FEATURE:1cxx_unrestricted_unions
    Feature record: CXX_FEATURE:1cxx_user_literals
    Feature record: CXX_FEATURE:1cxx_variable_templates
    Feature record: CXX_FEATURE:1cxx_variadic_macros
    Feature record: CXX_FEATURE:1cxx_variadic_templates


Detecting CXX [-std=c++14] compiler features compiled with the following output:
Change Dir: /home/bladekp/organizacje/softmis/projekty/droniada2017/IoT/pixhawk/Firmware/Firmware/Firmware/CMakeFiles/CMakeTmp

Run Build Command:"/usr/bin/gmake" "cmTC_d557c/fast"
/usr/bin/gmake -f CMakeFiles/cmTC_d557c.dir/build.make CMakeFiles/cmTC_d557c.dir/build
gmake[1]: Wejście do katalogu '/home/bladekp/organizacje/softmis/projekty/droniada2017/IoT/pixhawk/Firmware/Firmware/Firmware/CMakeFiles/CMakeTmp'
Building CXX object CMakeFiles/cmTC_d557c.dir/feature_tests.cxx.o
/usr/bin/g++    -std=c++14 -o CMakeFiles/cmTC_d557c.dir/feature_tests.cxx.o -c /home/bladekp/organizacje/softmis/projekty/droniada2017/IoT/pixhawk/Firmware/Firmware/Firmware/CMakeFiles/feature_tests.cxx
Linking CXX executable cmTC_d557c
/usr/share/cmake-3.8.1-Linux-x86_64/bin/cmake -E cmake_link_script CMakeFiles/cmTC_d557c.dir/link.txt --verbose=1
/usr/bin/g++       -rdynamic CMakeFiles/cmTC_d557c.dir/feature_tests.cxx.o  -o cmTC_d557c 
gmake[1]: Opuszczenie katalogu '/home/bladekp/organizacje/softmis/projekty/droniada2017/IoT/pixhawk/Firmware/Firmware/Firmware/CMakeFiles/CMakeTmp'


    Feature record: CXX_FEATURE:1cxx_aggregate_default_initializers
    Feature record: CXX_FEATURE:1cxx_alias_templates
    Feature record: CXX_FEATURE:1cxx_alignas
    Feature record: CXX_FEATURE:1cxx_alignof
    Feature record: CXX_FEATURE:1cxx_attributes
    Feature record: CXX_FEATURE:1cxx_attribute_deprecated
    Feature record: CXX_FEATURE:1cxx_auto_type
    Feature record: CXX_FEATURE:1cxx_binary_literals
    Feature record: CXX_FEATURE:1cxx_constexpr
    Feature record: CXX_FEATURE:1cxx_contextual_conversions
    Feature record: CXX_FEATURE:1cxx_decltype
    Feature record: CXX_FEATURE:1cxx_decltype_auto
    Feature record: CXX_FEATURE:1cxx_decltype_incomplete_return_types
    Feature record: CXX_FEATURE:1cxx_default_function_template_args
    Feature record: CXX_FEATURE:1cxx_defaulted_functions
    Feature record: CXX_FEATURE:1cxx_defaulted_move_initializers
    Feature record: CXX_FEATURE:1cxx_delegating_constructors
    Feature record: CXX_FEATURE:1cxx_deleted_functions
    Feature record: CXX_FEATURE:1cxx_digit_separators
    Feature record: CXX_FEATURE:1cxx_enum_forward_declarations
    Feature record: CXX_FEATURE:1cxx_explicit_conversions
    Feature record: CXX_FEATURE:1cxx_extended_friend_declarations
    Feature record: CXX_FEATURE:1cxx_extern_templates
    Feature record: CXX_FEATURE:1cxx_final
    Feature record: CXX_FEATURE:1cxx_func_identifier
    Feature record: CXX_FEATURE:1cxx_generalized_initializers
    Feature record: CXX_FEATURE:1cxx_generic_lambdas
    Feature record: CXX_FEATURE:1cxx_inheriting_constructors
    Feature record: CXX_FEATURE:1cxx_inline_namespaces
    Feature record: CXX_FEATURE:1cxx_lambdas
    Feature record: CXX_FEATURE:1cxx_lambda_init_captures
    Feature record: CXX_FEATURE:1cxx_local_type_template_args
    Feature record: CXX_FEATURE:1cxx_long_long_type
    Feature record: CXX_FEATURE:1cxx_noexcept
    Feature record: CXX_FEATURE:1cxx_nonstatic_member_init
    Feature record: CXX_FEATURE:1cxx_nullptr
    Feature record: CXX_FEATURE:1cxx_override
    Feature record: CXX_FEATURE:1cxx_range_for
    Feature record: CXX_FEATURE:1cxx_raw_string_literals
    Feature record: CXX_FEATURE:1cxx_reference_qualified_functions
    Feature record: CXX_FEATURE:1cxx_relaxed_constexpr
    Feature record: CXX_FEATURE:1cxx_return_type_deduction
    Feature record: CXX_FEATURE:1cxx_right_angle_brackets
    Feature record: CXX_FEATURE:1cxx_rvalue_references
    Feature record: CXX_FEATURE:1cxx_sizeof_member
    Feature record: CXX_FEATURE:1cxx_static_assert
    Feature record: CXX_FEATURE:1cxx_strong_enums
    Feature record: CXX_FEATURE:1cxx_template_template_parameters
    Feature record: CXX_FEATURE:1cxx_thread_local
    Feature record: CXX_FEATURE:1cxx_trailing_return_types
    Feature record: CXX_FEATURE:1cxx_unicode_literals
    Feature record: CXX_FEATURE:1cxx_uniform_initialization
    Feature record: CXX_FEATURE:1cxx_unrestricted_unions
    Feature record: CXX_FEATURE:1cxx_user_literals
    Feature record: CXX_FEATURE:1cxx_variable_templates
    Feature record: CXX_FEATURE:1cxx_variadic_macros
    Feature record: CXX_FEATURE:1cxx_variadic_templates


Detecting CXX [-std=c++11] compiler features compiled with the following output:
Change Dir: /home/bladekp/organizacje/softmis/projekty/droniada2017/IoT/pixhawk/Firmware/Firmware/Firmware/CMakeFiles/CMakeTmp

Run Build Command:"/usr/bin/gmake" "cmTC_42dfc/fast"
/usr/bin/gmake -f CMakeFiles/cmTC_42dfc.dir/build.make CMakeFiles/cmTC_42dfc.dir/build
gmake[1]: Wejście do katalogu '/home/bladekp/organizacje/softmis/projekty/droniada2017/IoT/pixhawk/Firmware/Firmware/Firmware/CMakeFiles/CMakeTmp'
Building CXX object CMakeFiles/cmTC_42dfc.dir/feature_tests.cxx.o
/usr/bin/g++    -std=c++11 -o CMakeFiles/cmTC_42dfc.dir/feature_tests.cxx.o -c /home/bladekp/organizacje/softmis/projekty/droniada2017/IoT/pixhawk/Firmware/Firmware/Firmware/CMakeFiles/feature_tests.cxx
Linking CXX executable cmTC_42dfc
/usr/share/cmake-3.8.1-Linux-x86_64/bin/cmake -E cmake_link_script CMakeFiles/cmTC_42dfc.dir/link.txt --verbose=1
/usr/bin/g++       -rdynamic CMakeFiles/cmTC_42dfc.dir/feature_tests.cxx.o  -o cmTC_42dfc 
gmake[1]: Opuszczenie katalogu '/home/bladekp/organizacje/softmis/projekty/droniada2017/IoT/pixhawk/Firmware/Firmware/Firmware/CMakeFiles/CMakeTmp'


    Feature record: CXX_FEATURE:0cxx_aggregate_default_initializers
    Feature record: CXX_FEATURE:1cxx_alias_templates
    Feature record: CXX_FEATURE:1cxx_alignas
    Feature record: CXX_FEATURE:1cxx_alignof
    Feature record: CXX_FEATURE:1cxx_attributes
    Feature record: CXX_FEATURE:0cxx_attribute_deprecated
    Feature record: CXX_FEATURE:1cxx_auto_type
    Feature record: CXX_FEATURE:0cxx_binary_literals
    Feature record: CXX_FEATURE:1cxx_constexpr
    Feature record: CXX_FEATURE:0cxx_contextual_conversions
    Feature record: CXX_FEATURE:1cxx_decltype
    Feature record: CXX_FEATURE:0cxx_decltype_auto
    Feature record: CXX_FEATURE:1cxx_decltype_incomplete_return_types
    Feature record: CXX_FEATURE:1cxx_default_function_template_args
    Feature record: CXX_FEATURE:1cxx_defaulted_functions
    Feature record: CXX_FEATURE:1cxx_defaulted_move_initializers
    Feature record: CXX_FEATURE:1cxx_delegating_constructors
    Feature record: CXX_FEATURE:1cxx_deleted_functions
    Feature record: CXX_FEATURE:0cxx_digit_separators
    Feature record: CXX_FEATURE:1cxx_enum_forward_declarations
    Feature record: CXX_FEATURE:1cxx_explicit_conversions
    Feature record: CXX_FEATURE:1cxx_extended_friend_declarations
    Feature record: CXX_FEATURE:1cxx_extern_templates
    Feature record: CXX_FEATURE:1cxx_final
    Feature record: CXX_FEATURE:1cxx_func_identifier
    Feature record: CXX_FEATURE:1cxx_generalized_initializers
    Feature record: CXX_FEATURE:0cxx_generic_lambdas
    Feature record: CXX_FEATURE:1cxx_inheriting_constructors
    Feature record: CXX_FEATURE:1cxx_inline_namespaces
    Feature record: CXX_FEATURE:1cxx_lambdas
    Feature record: CXX_FEATURE:0cxx_lambda_init_captures
    Feature record: CXX_FEATURE:1cxx_local_type_template_args
    Feature record: CXX_FEATURE:1cxx_long_long_type
    Feature record: CXX_FEATURE:1cxx_noexcept
    Feature record: CXX_FEATURE:1cxx_nonstatic_member_init
    Feature record: CXX_FEATURE:1cxx_nullptr
    Feature record: CXX_FEATURE:1cxx_override
    Feature record: CXX_FEATURE:1cxx_range_for
    Feature record: CXX_FEATURE:1cxx_raw_string_literals
    Feature record: CXX_FEATURE:1cxx_reference_qualified_functions
    Feature record: CXX_FEATURE:0cxx_relaxed_constexpr
    Feature record: CXX_FEATURE:0cxx_return_type_deduction
    Feature record: CXX_FEATURE:1cxx_right_angle_brackets
    Feature record: CXX_FEATURE:1cxx_rvalue_references
    Feature record: CXX_FEATURE:1cxx_sizeof_member
    Feature record: CXX_FEATURE:1cxx_static_assert
    Feature record: CXX_FEATURE:1cxx_strong_enums
    Feature record: CXX_FEATURE:1cxx_template_template_parameters
    Feature record: CXX_FEATURE:1cxx_thread_local
    Feature record: CXX_FEATURE:1cxx_trailing_return_types
    Feature record: CXX_FEATURE:1cxx_unicode_literals
    Feature record: CXX_FEATURE:1cxx_uniform_initialization
    Feature record: CXX_FEATURE:1cxx_unrestricted_unions
    Feature record: CXX_FEATURE:1cxx_user_literals
    Feature record: CXX_FEATURE:0cxx_variable_templates
    Feature record: CXX_FEATURE:1cxx_variadic_macros
    Feature record: CXX_FEATURE:1cxx_variadic_templates


Detecting CXX [-std=c++98] compiler features compiled with the following output:
Change Dir: /home/bladekp/organizacje/softmis/projekty/droniada2017/IoT/pixhawk/Firmware/Firmware/Firmware/CMakeFiles/CMakeTmp

Run Build Command:"/usr/bin/gmake" "cmTC_4f0d5/fast"
/usr/bin/gmake -f CMakeFiles/cmTC_4f0d5.dir/build.make CMakeFiles/cmTC_4f0d5.dir/build
gmake[1]: Wejście do katalogu '/home/bladekp/organizacje/softmis/projekty/droniada2017/IoT/pixhawk/Firmware/Firmware/Firmware/CMakeFiles/CMakeTmp'
Building CXX object CMakeFiles/cmTC_4f0d5.dir/feature_tests.cxx.o
/usr/bin/g++    -std=c++98 -o CMakeFiles/cmTC_4f0d5.dir/feature_tests.cxx.o -c /home/bladekp/organizacje/softmis/projekty/droniada2017/IoT/pixhawk/Firmware/Firmware/Firmware/CMakeFiles/feature_tests.cxx
Linking CXX executable cmTC_4f0d5
/usr/share/cmake-3.8.1-Linux-x86_64/bin/cmake -E cmake_link_script CMakeFiles/cmTC_4f0d5.dir/link.txt --verbose=1
/usr/bin/g++       -rdynamic CMakeFiles/cmTC_4f0d5.dir/feature_tests.cxx.o  -o cmTC_4f0d5 
gmake[1]: Opuszczenie katalogu '/home/bladekp/organizacje/softmis/projekty/droniada2017/IoT/pixhawk/Firmware/Firmware/Firmware/CMakeFiles/CMakeTmp'


    Feature record: CXX_FEATURE:0cxx_aggregate_default_initializers
    Feature record: CXX_FEATURE:0cxx_alias_templates
    Feature record: CXX_FEATURE:0cxx_alignas
    Feature record: CXX_FEATURE:0cxx_alignof
    Feature record: CXX_FEATURE:0cxx_attributes
    Feature record: CXX_FEATURE:0cxx_attribute_deprecated
    Feature record: CXX_FEATURE:0cxx_auto_type
    Feature record: CXX_FEATURE:0cxx_binary_literals
    Feature record: CXX_FEATURE:0cxx_constexpr
    Feature record: CXX_FEATURE:0cxx_contextual_conversions
    Feature record: CXX_FEATURE:0cxx_decltype
    Feature record: CXX_FEATURE:0cxx_decltype_auto
    Feature record: CXX_FEATURE:0cxx_decltype_incomplete_return_types
    Feature record: CXX_FEATURE:0cxx_default_function_template_args
    Feature record: CXX_FEATURE:0cxx_defaulted_functions
    Feature record: CXX_FEATURE:0cxx_defaulted_move_initializers
    Feature record: CXX_FEATURE:0cxx_delegating_constructors
    Feature record: CXX_FEATURE:0cxx_deleted_functions
    Feature record: CXX_FEATURE:0cxx_digit_separators
    Feature record: CXX_FEATURE:0cxx_enum_forward_declarations
    Feature record: CXX_FEATURE:0cxx_explicit_conversions
    Feature record: CXX_FEATURE:0cxx_extended_friend_declarations
    Feature record: CXX_FEATURE:0cxx_extern_templates
    Feature record: CXX_FEATURE:0cxx_final
    Feature record: CXX_FEATURE:0cxx_func_identifier
    Feature record: CXX_FEATURE:0cxx_generalized_initializers
    Feature record: CXX_FEATURE:0cxx_generic_lambdas
    Feature record: CXX_FEATURE:0cxx_inheriting_constructors
    Feature record: CXX_FEATURE:0cxx_inline_namespaces
    Feature record: CXX_FEATURE:0cxx_lambdas
    Feature record: CXX_FEATURE:0cxx_lambda_init_captures
    Feature record: CXX_FEATURE:0cxx_local_type_template_args
    Feature record: CXX_FEATURE:0cxx_long_long_type
    Feature record: CXX_FEATURE:0cxx_noexcept
    Feature record: CXX_FEATURE:0cxx_nonstatic_member_init
    Feature record: CXX_FEATURE:0cxx_nullptr
    Feature record: CXX_FEATURE:0cxx_override
    Feature record: CXX_FEATURE:0cxx_range_for
    Feature record: CXX_FEATURE:0cxx_raw_string_literals
    Feature record: CXX_FEATURE:0cxx_reference_qualified_functions
    Feature record: CXX_FEATURE:0cxx_relaxed_constexpr
    Feature record: CXX_FEATURE:0cxx_return_type_deduction
    Feature record: CXX_FEATURE:0cxx_right_angle_brackets
    Feature record: CXX_FEATURE:0cxx_rvalue_references
    Feature record: CXX_FEATURE:0cxx_sizeof_member
    Feature record: CXX_FEATURE:0cxx_static_assert
    Feature record: CXX_FEATURE:0cxx_strong_enums
    Feature record: CXX_FEATURE:1cxx_template_template_parameters
    Feature record: CXX_FEATURE:0cxx_thread_local
    Feature record: CXX_FEATURE:0cxx_trailing_return_types
    Feature record: CXX_FEATURE:0cxx_unicode_literals
    Feature record: CXX_FEATURE:0cxx_uniform_initialization
    Feature record: CXX_FEATURE:0cxx_unrestricted_unions
    Feature record: CXX_FEATURE:0cxx_user_literals
    Feature record: CXX_FEATURE:0cxx_variable_templates
    Feature record: CXX_FEATURE:0cxx_variadic_macros
    Feature record: CXX_FEATURE:0cxx_variadic_templates
Determining if the C compiler works passed with the following output:
Change Dir: /home/bladekp/organizacje/softmis/projekty/droniada2017/IoT/pixhawk/Firmware/Firmware/Firmware/CMakeFiles/CMakeTmp

Run Build Command:"/usr/bin/gmake" "cmTC_135f2/fast"
/usr/bin/gmake -f CMakeFiles/cmTC_135f2.dir/build.make CMakeFiles/cmTC_135f2.dir/build
gmake[1]: Wejście do katalogu '/home/bladekp/organizacje/softmis/projekty/droniada2017/IoT/pixhawk/Firmware/Firmware/Firmware/CMakeFiles/CMakeTmp'
Building C object CMakeFiles/cmTC_135f2.dir/testCCompiler.c.o
/usr/bin/gcc    -o CMakeFiles/cmTC_135f2.dir/testCCompiler.c.o   -c /home/bladekp/organizacje/softmis/projekty/droniada2017/IoT/pixhawk/Firmware/Firmware/Firmware/CMakeFiles/CMakeTmp/testCCompiler.c
Linking C executable cmTC_135f2
/usr/share/cmake-3.8.1-Linux-x86_64/bin/cmake -E cmake_link_script CMakeFiles/cmTC_135f2.dir/link.txt --verbose=1
/usr/bin/gcc      -rdynamic CMakeFiles/cmTC_135f2.dir/testCCompiler.c.o  -o cmTC_135f2 
gmake[1]: Opuszczenie katalogu '/home/bladekp/organizacje/softmis/projekty/droniada2017/IoT/pixhawk/Firmware/Firmware/Firmware/CMakeFiles/CMakeTmp'


Detecting C compiler ABI info compiled with the following output:
Change Dir: /home/bladekp/organizacje/softmis/projekty/droniada2017/IoT/pixhawk/Firmware/Firmware/Firmware/CMakeFiles/CMakeTmp

Run Build Command:"/usr/bin/gmake" "cmTC_2e9d7/fast"
/usr/bin/gmake -f CMakeFiles/cmTC_2e9d7.dir/build.make CMakeFiles/cmTC_2e9d7.dir/build
gmake[1]: Wejście do katalogu '/home/bladekp/organizacje/softmis/projekty/droniada2017/IoT/pixhawk/Firmware/Firmware/Firmware/CMakeFiles/CMakeTmp'
Building C object CMakeFiles/cmTC_2e9d7.dir/CMakeCCompilerABI.c.o
/usr/bin/gcc    -o CMakeFiles/cmTC_2e9d7.dir/CMakeCCompilerABI.c.o   -c /usr/share/cmake-3.8.1-Linux-x86_64/share/cmake-3.8/Modules/CMakeCCompilerABI.c
Linking C executable cmTC_2e9d7
/usr/share/cmake-3.8.1-Linux-x86_64/bin/cmake -E cmake_link_script CMakeFiles/cmTC_2e9d7.dir/link.txt --verbose=1
/usr/bin/gcc     -v -rdynamic CMakeFiles/cmTC_2e9d7.dir/CMakeCCompilerABI.c.o  -o cmTC_2e9d7 
Using built-in specs.
COLLECT_GCC=/usr/bin/gcc
COLLECT_LTO_WRAPPER=/usr/libexec/gcc/x86_64-redhat-linux/6.3.1/lto-wrapper
Target: x86_64-redhat-linux
Configured with: ../configure --enable-bootstrap --enable-languages=c,c++,objc,obj-c++,fortran,ada,go,lto --prefix=/usr --mandir=/usr/share/man --infodir=/usr/share/info --with-bugurl=http://bugzilla.redhat.com/bugzilla --enable-shared --enable-threads=posix --enable-checking=release --enable-multilib --with-system-zlib --enable-__cxa_atexit --disable-libunwind-exceptions --enable-gnu-unique-object --enable-linker-build-id --with-linker-hash-style=gnu --enable-plugin --enable-initfini-array --disable-libgcj --with-isl --enable-libmpx --enable-gnu-indirect-function --with-tune=generic --with-arch_32=i686 --build=x86_64-redhat-linux
Thread model: posix
gcc version 6.3.1 20161221 (Red Hat 6.3.1-1) (GCC) 
COMPILER_PATH=/usr/libexec/gcc/x86_64-redhat-linux/6.3.1/:/usr/libexec/gcc/x86_64-redhat-linux/6.3.1/:/usr/libexec/gcc/x86_64-redhat-linux/:/usr/lib/gcc/x86_64-redhat-linux/6.3.1/:/usr/lib/gcc/x86_64-redhat-linux/
LIBRARY_PATH=/usr/lib/gcc/x86_64-redhat-linux/6.3.1/:/usr/lib/gcc/x86_64-redhat-linux/6.3.1/../../../../lib64/:/lib/../lib64/:/usr/lib/../lib64/:/usr/lib/gcc/x86_64-redhat-linux/6.3.1/../../../:/lib/:/usr/lib/
COLLECT_GCC_OPTIONS='-v' '-rdynamic' '-o' 'cmTC_2e9d7' '-mtune=generic' '-march=x86-64'
 /usr/libexec/gcc/x86_64-redhat-linux/6.3.1/collect2 -plugin /usr/libexec/gcc/x86_64-redhat-linux/6.3.1/liblto_plugin.so -plugin-opt=/usr/libexec/gcc/x86_64-redhat-linux/6.3.1/lto-wrapper -plugin-opt=-fresolution=/tmp/ccj5xeOF.res -plugin-opt=-pass-through=-lgcc -plugin-opt=-pass-through=-lgcc_s -plugin-opt=-pass-through=-lc -plugin-opt=-pass-through=-lgcc -plugin-opt=-pass-through=-lgcc_s --build-id --no-add-needed --eh-frame-hdr --hash-style=gnu -m elf_x86_64 -export-dynamic -dynamic-linker /lib64/ld-linux-x86-64.so.2 -o cmTC_2e9d7 /usr/lib/gcc/x86_64-redhat-linux/6.3.1/../../../../lib64/crt1.o /usr/lib/gcc/x86_64-redhat-linux/6.3.1/../../../../lib64/crti.o /usr/lib/gcc/x86_64-redhat-linux/6.3.1/crtbegin.o -L/usr/lib/gcc/x86_64-redhat-linux/6.3.1 -L/usr/lib/gcc/x86_64-redhat-linux/6.3.1/../../../../lib64 -L/lib/../lib64 -L/usr/lib/../lib64 -L/usr/lib/gcc/x86_64-redhat-linux/6.3.1/../../.. CMakeFiles/cmTC_2e9d7.dir/CMakeCCompilerABI.c.o -lgcc --as-needed -lgcc_s --no-as-needed -lc -lgcc --as-needed -lgcc_s --no-as-needed /usr/lib/gcc/x86_64-redhat-linux/6.3.1/crtend.o /usr/lib/gcc/x86_64-redhat-linux/6.3.1/../../../../lib64/crtn.o
COLLECT_GCC_OPTIONS='-v' '-rdynamic' '-o' 'cmTC_2e9d7' '-mtune=generic' '-march=x86-64'
gmake[1]: Opuszczenie katalogu '/home/bladekp/organizacje/softmis/projekty/droniada2017/IoT/pixhawk/Firmware/Firmware/Firmware/CMakeFiles/CMakeTmp'


Parsed C implicit link information from above output:
  link line regex: [^( *|.*[/\])(ld|([^/\]+-)?ld|collect2)[^/\]*( |$)]
  ignore line: [Change Dir: /home/bladekp/organizacje/softmis/projekty/droniada2017/IoT/pixhawk/Firmware/Firmware/Firmware/CMakeFiles/CMakeTmp]
  ignore line: []
  ignore line: [Run Build Command:"/usr/bin/gmake" "cmTC_2e9d7/fast"]
  ignore line: [/usr/bin/gmake -f CMakeFiles/cmTC_2e9d7.dir/build.make CMakeFiles/cmTC_2e9d7.dir/build]
  ignore line: [gmake[1]: Wejście do katalogu '/home/bladekp/organizacje/softmis/projekty/droniada2017/IoT/pixhawk/Firmware/Firmware/Firmware/CMakeFiles/CMakeTmp']
  ignore line: [Building C object CMakeFiles/cmTC_2e9d7.dir/CMakeCCompilerABI.c.o]
  ignore line: [/usr/bin/gcc    -o CMakeFiles/cmTC_2e9d7.dir/CMakeCCompilerABI.c.o   -c /usr/share/cmake-3.8.1-Linux-x86_64/share/cmake-3.8/Modules/CMakeCCompilerABI.c]
  ignore line: [Linking C executable cmTC_2e9d7]
  ignore line: [/usr/share/cmake-3.8.1-Linux-x86_64/bin/cmake -E cmake_link_script CMakeFiles/cmTC_2e9d7.dir/link.txt --verbose=1]
  ignore line: [/usr/bin/gcc     -v -rdynamic CMakeFiles/cmTC_2e9d7.dir/CMakeCCompilerABI.c.o  -o cmTC_2e9d7 ]
  ignore line: [Using built-in specs.]
  ignore line: [COLLECT_GCC=/usr/bin/gcc]
  ignore line: [COLLECT_LTO_WRAPPER=/usr/libexec/gcc/x86_64-redhat-linux/6.3.1/lto-wrapper]
  ignore line: [Target: x86_64-redhat-linux]
  ignore line: [Configured with: ../configure --enable-bootstrap --enable-languages=c,c++,objc,obj-c++,fortran,ada,go,lto --prefix=/usr --mandir=/usr/share/man --infodir=/usr/share/info --with-bugurl=http://bugzilla.redhat.com/bugzilla --enable-shared --enable-threads=posix --enable-checking=release --enable-multilib --with-system-zlib --enable-__cxa_atexit --disable-libunwind-exceptions --enable-gnu-unique-object --enable-linker-build-id --with-linker-hash-style=gnu --enable-plugin --enable-initfini-array --disable-libgcj --with-isl --enable-libmpx --enable-gnu-indirect-function --with-tune=generic --with-arch_32=i686 --build=x86_64-redhat-linux]
  ignore line: [Thread model: posix]
  ignore line: [gcc version 6.3.1 20161221 (Red Hat 6.3.1-1) (GCC) ]
  ignore line: [COMPILER_PATH=/usr/libexec/gcc/x86_64-redhat-linux/6.3.1/:/usr/libexec/gcc/x86_64-redhat-linux/6.3.1/:/usr/libexec/gcc/x86_64-redhat-linux/:/usr/lib/gcc/x86_64-redhat-linux/6.3.1/:/usr/lib/gcc/x86_64-redhat-linux/]
  ignore line: [LIBRARY_PATH=/usr/lib/gcc/x86_64-redhat-linux/6.3.1/:/usr/lib/gcc/x86_64-redhat-linux/6.3.1/../../../../lib64/:/lib/../lib64/:/usr/lib/../lib64/:/usr/lib/gcc/x86_64-redhat-linux/6.3.1/../../../:/lib/:/usr/lib/]
  ignore line: [COLLECT_GCC_OPTIONS='-v' '-rdynamic' '-o' 'cmTC_2e9d7' '-mtune=generic' '-march=x86-64']
  link line: [ /usr/libexec/gcc/x86_64-redhat-linux/6.3.1/collect2 -plugin /usr/libexec/gcc/x86_64-redhat-linux/6.3.1/liblto_plugin.so -plugin-opt=/usr/libexec/gcc/x86_64-redhat-linux/6.3.1/lto-wrapper -plugin-opt=-fresolution=/tmp/ccj5xeOF.res -plugin-opt=-pass-through=-lgcc -plugin-opt=-pass-through=-lgcc_s -plugin-opt=-pass-through=-lc -plugin-opt=-pass-through=-lgcc -plugin-opt=-pass-through=-lgcc_s --build-id --no-add-needed --eh-frame-hdr --hash-style=gnu -m elf_x86_64 -export-dynamic -dynamic-linker /lib64/ld-linux-x86-64.so.2 -o cmTC_2e9d7 /usr/lib/gcc/x86_64-redhat-linux/6.3.1/../../../../lib64/crt1.o /usr/lib/gcc/x86_64-redhat-linux/6.3.1/../../../../lib64/crti.o /usr/lib/gcc/x86_64-redhat-linux/6.3.1/crtbegin.o -L/usr/lib/gcc/x86_64-redhat-linux/6.3.1 -L/usr/lib/gcc/x86_64-redhat-linux/6.3.1/../../../../lib64 -L/lib/../lib64 -L/usr/lib/../lib64 -L/usr/lib/gcc/x86_64-redhat-linux/6.3.1/../../.. CMakeFiles/cmTC_2e9d7.dir/CMakeCCompilerABI.c.o -lgcc --as-needed -lgcc_s --no-as-needed -lc -lgcc --as-needed -lgcc_s --no-as-needed /usr/lib/gcc/x86_64-redhat-linux/6.3.1/crtend.o /usr/lib/gcc/x86_64-redhat-linux/6.3.1/../../../../lib64/crtn.o]
    arg [/usr/libexec/gcc/x86_64-redhat-linux/6.3.1/collect2] ==> ignore
    arg [-plugin] ==> ignore
    arg [/usr/libexec/gcc/x86_64-redhat-linux/6.3.1/liblto_plugin.so] ==> ignore
    arg [-plugin-opt=/usr/libexec/gcc/x86_64-redhat-linux/6.3.1/lto-wrapper] ==> ignore
    arg [-plugin-opt=-fresolution=/tmp/ccj5xeOF.res] ==> ignore
    arg [-plugin-opt=-pass-through=-lgcc] ==> ignore
    arg [-plugin-opt=-pass-through=-lgcc_s] ==> ignore
    arg [-plugin-opt=-pass-through=-lc] ==> ignore
    arg [-plugin-opt=-pass-through=-lgcc] ==> ignore
    arg [-plugin-opt=-pass-through=-lgcc_s] ==> ignore
    arg [--build-id] ==> ignore
    arg [--no-add-needed] ==> ignore
    arg [--eh-frame-hdr] ==> ignore
    arg [--hash-style=gnu] ==> ignore
    arg [-m] ==> ignore
    arg [elf_x86_64] ==> ignore
    arg [-export-dynamic] ==> ignore
    arg [-dynamic-linker] ==> ignore
    arg [/lib64/ld-linux-x86-64.so.2] ==> ignore
    arg [-o] ==> ignore
    arg [cmTC_2e9d7] ==> ignore
    arg [/usr/lib/gcc/x86_64-redhat-linux/6.3.1/../../../../lib64/crt1.o] ==> ignore
    arg [/usr/lib/gcc/x86_64-redhat-linux/6.3.1/../../../../lib64/crti.o] ==> ignore
    arg [/usr/lib/gcc/x86_64-redhat-linux/6.3.1/crtbegin.o] ==> ignore
    arg [-L/usr/lib/gcc/x86_64-redhat-linux/6.3.1] ==> dir [/usr/lib/gcc/x86_64-redhat-linux/6.3.1]
    arg [-L/usr/lib/gcc/x86_64-redhat-linux/6.3.1/../../../../lib64] ==> dir [/usr/lib/gcc/x86_64-redhat-linux/6.3.1/../../../../lib64]
    arg [-L/lib/../lib64] ==> dir [/lib/../lib64]
    arg [-L/usr/lib/../lib64] ==> dir [/usr/lib/../lib64]
    arg [-L/usr/lib/gcc/x86_64-redhat-linux/6.3.1/../../..] ==> dir [/usr/lib/gcc/x86_64-redhat-linux/6.3.1/../../..]
    arg [CMakeFiles/cmTC_2e9d7.dir/CMakeCCompilerABI.c.o] ==> ignore
    arg [-lgcc] ==> lib [gcc]
    arg [--as-needed] ==> ignore
    arg [-lgcc_s] ==> lib [gcc_s]
    arg [--no-as-needed] ==> ignore
    arg [-lc] ==> lib [c]
    arg [-lgcc] ==> lib [gcc]
    arg [--as-needed] ==> ignore
    arg [-lgcc_s] ==> lib [gcc_s]
    arg [--no-as-needed] ==> ignore
    arg [/usr/lib/gcc/x86_64-redhat-linux/6.3.1/crtend.o] ==> ignore
    arg [/usr/lib/gcc/x86_64-redhat-linux/6.3.1/../../../../lib64/crtn.o] ==> ignore
  remove lib [gcc]
  remove lib [gcc_s]
  remove lib [gcc]
  remove lib [gcc_s]
  collapse library dir [/usr/lib/gcc/x86_64-redhat-linux/6.3.1] ==> [/usr/lib/gcc/x86_64-redhat-linux/6.3.1]
  collapse library dir [/usr/lib/gcc/x86_64-redhat-linux/6.3.1/../../../../lib64] ==> [/usr/lib64]
  collapse library dir [/lib/../lib64] ==> [/lib64]
  collapse library dir [/usr/lib/../lib64] ==> [/usr/lib64]
  collapse library dir [/usr/lib/gcc/x86_64-redhat-linux/6.3.1/../../..] ==> [/usr/lib]
  implicit libs: [c]
  implicit dirs: [/usr/lib/gcc/x86_64-redhat-linux/6.3.1;/usr/lib64;/lib64;/usr/lib]
  implicit fwks: []




Detecting C [-std=c11] compiler features compiled with the following output:
Change Dir: /home/bladekp/organizacje/softmis/projekty/droniada2017/IoT/pixhawk/Firmware/Firmware/Firmware/CMakeFiles/CMakeTmp

Run Build Command:"/usr/bin/gmake" "cmTC_10077/fast"
/usr/bin/gmake -f CMakeFiles/cmTC_10077.dir/build.make CMakeFiles/cmTC_10077.dir/build
gmake[1]: Wejście do katalogu '/home/bladekp/organizacje/softmis/projekty/droniada2017/IoT/pixhawk/Firmware/Firmware/Firmware/CMakeFiles/CMakeTmp'
Building C object CMakeFiles/cmTC_10077.dir/feature_tests.c.o
/usr/bin/gcc   -std=c11 -o CMakeFiles/cmTC_10077.dir/feature_tests.c.o   -c /home/bladekp/organizacje/softmis/projekty/droniada2017/IoT/pixhawk/Firmware/Firmware/Firmware/CMakeFiles/feature_tests.c
Linking C executable cmTC_10077
/usr/share/cmake-3.8.1-Linux-x86_64/bin/cmake -E cmake_link_script CMakeFiles/cmTC_10077.dir/link.txt --verbose=1
/usr/bin/gcc      -rdynamic CMakeFiles/cmTC_10077.dir/feature_tests.c.o  -o cmTC_10077 
gmake[1]: Opuszczenie katalogu '/home/bladekp/organizacje/softmis/projekty/droniada2017/IoT/pixhawk/Firmware/Firmware/Firmware/CMakeFiles/CMakeTmp'


    Feature record: C_FEATURE:1c_function_prototypes
    Feature record: C_FEATURE:1c_restrict
    Feature record: C_FEATURE:1c_static_assert
    Feature record: C_FEATURE:1c_variadic_macros


Detecting C [-std=c99] compiler features compiled with the following output:
Change Dir: /home/bladekp/organizacje/softmis/projekty/droniada2017/IoT/pixhawk/Firmware/Firmware/Firmware/CMakeFiles/CMakeTmp

Run Build Command:"/usr/bin/gmake" "cmTC_cab8e/fast"
/usr/bin/gmake -f CMakeFiles/cmTC_cab8e.dir/build.make CMakeFiles/cmTC_cab8e.dir/build
gmake[1]: Wejście do katalogu '/home/bladekp/organizacje/softmis/projekty/droniada2017/IoT/pixhawk/Firmware/Firmware/Firmware/CMakeFiles/CMakeTmp'
Building C object CMakeFiles/cmTC_cab8e.dir/feature_tests.c.o
/usr/bin/gcc   -std=c99 -o CMakeFiles/cmTC_cab8e.dir/feature_tests.c.o   -c /home/bladekp/organizacje/softmis/projekty/droniada2017/IoT/pixhawk/Firmware/Firmware/Firmware/CMakeFiles/feature_tests.c
Linking C executable cmTC_cab8e
/usr/share/cmake-3.8.1-Linux-x86_64/bin/cmake -E cmake_link_script CMakeFiles/cmTC_cab8e.dir/link.txt --verbose=1
/usr/bin/gcc      -rdynamic CMakeFiles/cmTC_cab8e.dir/feature_tests.c.o  -o cmTC_cab8e 
gmake[1]: Opuszczenie katalogu '/home/bladekp/organizacje/softmis/projekty/droniada2017/IoT/pixhawk/Firmware/Firmware/Firmware/CMakeFiles/CMakeTmp'


    Feature record: C_FEATURE:1c_function_prototypes
    Feature record: C_FEATURE:1c_restrict
    Feature record: C_FEATURE:0c_static_assert
    Feature record: C_FEATURE:1c_variadic_macros


Detecting C [-std=c90] compiler features compiled with the following output:
Change Dir: /home/bladekp/organizacje/softmis/projekty/droniada2017/IoT/pixhawk/Firmware/Firmware/Firmware/CMakeFiles/CMakeTmp

Run Build Command:"/usr/bin/gmake" "cmTC_27657/fast"
/usr/bin/gmake -f CMakeFiles/cmTC_27657.dir/build.make CMakeFiles/cmTC_27657.dir/build
gmake[1]: Wejście do katalogu '/home/bladekp/organizacje/softmis/projekty/droniada2017/IoT/pixhawk/Firmware/Firmware/Firmware/CMakeFiles/CMakeTmp'
Building C object CMakeFiles/cmTC_27657.dir/feature_tests.c.o
/usr/bin/gcc   -std=c90 -o CMakeFiles/cmTC_27657.dir/feature_tests.c.o   -c /home/bladekp/organizacje/softmis/projekty/droniada2017/IoT/pixhawk/Firmware/Firmware/Firmware/CMakeFiles/feature_tests.c
Linking C executable cmTC_27657
/usr/share/cmake-3.8.1-Linux-x86_64/bin/cmake -E cmake_link_script CMakeFiles/cmTC_27657.dir/link.txt --verbose=1
/usr/bin/gcc      -rdynamic CMakeFiles/cmTC_27657.dir/feature_tests.c.o  -o cmTC_27657 
gmake[1]: Opuszczenie katalogu '/home/bladekp/organizacje/softmis/projekty/droniada2017/IoT/pixhawk/Firmware/Firmware/Firmware/CMakeFiles/CMakeTmp'


    Feature record: C_FEATURE:1c_function_prototypes
    Feature record: C_FEATURE:0c_restrict
    Feature record: C_FEATURE:0c_static_assert
    Feature record: C_FEATURE:0c_variadic_macros
